[2026-02-24 01:34:47 UTC] ✅ Daily check-in — Tuesday
[2026-02-24 13:21:56 UTC] ✅ Daily check-in — Tuesday
[2026-02-25 13:21:15 UTC] ✅ Daily check-in — Wednesday
[2026-02-26 13:22:30 UTC] ✅ Daily check-in — Thursday
[2026-02-27 13:13:25 UTC] ✅ Daily check-in — Friday
[2026-02-28 12:59:17 UTC] ✅ Daily check-in — Saturday
[2026-03-01 13:02:40 UTC] ✅ Daily check-in — Sunday
[2026-03-02 03:12:59 UTC] ✅ Daily check-in — Monday
[2026-03-02 13:14:22 UTC] ✅ Daily check-in — Monday
[2026-03-03 13:12:48 UTC] ✅ Daily check-in — Tuesday
[2026-03-04 13:11:42 UTC] ✅ Daily check-in — Wednesday
[2026-03-05 13:15:34 UTC] ✅ Daily check-in — Thursday
[2026-03-06 13:11:08 UTC] ✅ Daily check-in — Friday
[2026-03-07 13:00:57 UTC] ✅ Daily check-in — Saturday
[2026-03-08 13:02:41 UTC] ✅ Daily check-in — Sunday
[2026-03-09 13:19:28 UTC] ✅ Daily check-in — Monday
[2026-03-10 13:17:01 UTC] ✅ Daily check-in — Tuesday
[2026-03-11 13:16:23 UTC] ✅ Daily check-in — Wednesday
[2026-03-12 13:16:32 UTC] ✅ Daily check-in — Thursday
[2026-03-13 13:14:36 UTC] ✅ Daily check-in — Friday
[2026-03-14 13:07:03 UTC] ✅ Daily check-in — Saturday
[2026-03-15 13:07:26 UTC] ✅ Daily check-in — Sunday
[2026-03-16 13:41:45 UTC] ✅ Daily check-in — Monday
[2026-03-17 13:26:28 UTC] ✅ Daily check-in — Tuesday
[2026-03-18 13:41:03 UTC] ✅ Daily check-in — Wednesday
[2026-03-19 13:21:13 UTC] ✅ Daily check-in — Thursday
[2026-03-20 13:14:22 UTC] ✅ Daily check-in — Friday
